20:32:15.480 [main] INFO  TestCases.TC_003_LoginDDT - *****Starting TC_003_LoginDDT*****
20:32:18.947 [main] INFO  TestCases.TC_003_LoginDDT - **** Finished TC_003_LoginDDT *****
20:32:18.972 [main] INFO  TestCases.TC_003_LoginDDT - *****Starting TC_003_LoginDDT*****
20:32:21.097 [main] INFO  TestCases.TC_003_LoginDDT - *****Starting TC_003_LoginDDT*****
20:32:31.373 [main] INFO  TestCases.TC_003_LoginDDT - *****Starting TC_003_LoginDDT*****
20:32:41.540 [main] INFO  TestCases.TC_003_LoginDDT - *****Starting TC_003_LoginDDT*****
20:36:12.877 [main] INFO  TestCases.TC_003_LoginDDT - *****Starting TC_003_LoginDDT*****
20:36:16.331 [main] INFO  TestCases.TC_003_LoginDDT - **** Finished TC_003_LoginDDT *****
20:36:16.343 [main] INFO  TestCases.TC_003_LoginDDT - *****Starting TC_003_LoginDDT*****
20:36:18.728 [main] INFO  TestCases.TC_003_LoginDDT - **** Finished TC_003_LoginDDT *****
20:40:24.870 [main] INFO  TestCases.TC_003_LoginDDT - *****Starting TC_003_LoginDDT*****
20:40:28.414 [main] INFO  TestCases.TC_003_LoginDDT - **** Finished TC_003_LoginDDT *****
20:40:28.428 [main] INFO  TestCases.TC_003_LoginDDT - *****Starting TC_003_LoginDDT*****
20:40:31.860 [main] INFO  TestCases.TC_003_LoginDDT - **** Finished TC_003_LoginDDT *****
20:40:31.894 [main] INFO  TestCases.TC_003_LoginDDT - *****Starting TC_003_LoginDDT*****
20:40:34.141 [main] INFO  TestCases.TC_003_LoginDDT - *****Starting TC_003_LoginDDT*****
20:40:44.266 [main] INFO  TestCases.TC_003_LoginDDT - *****Starting TC_003_LoginDDT*****
20:50:20.082 [main] INFO  TestCases.TC_003_LoginDDT - *****Starting TC_003_LoginDDT*****
20:50:23.466 [main] INFO  TestCases.TC_003_LoginDDT - **** Finished TC_003_LoginDDT *****
20:50:23.480 [main] INFO  TestCases.TC_003_LoginDDT - *****Starting TC_003_LoginDDT*****
20:50:26.881 [main] INFO  TestCases.TC_003_LoginDDT - **** Finished TC_003_LoginDDT *****
20:50:26.895 [main] INFO  TestCases.TC_003_LoginDDT - *****Starting TC_003_LoginDDT*****
20:50:30.394 [main] INFO  TestCases.TC_003_LoginDDT - *****Starting TC_003_LoginDDT*****
20:50:33.942 [main] INFO  TestCases.TC_003_LoginDDT - *****Starting TC_003_LoginDDT*****
14:44:40.860 [main] INFO  TestCases.TC_002_LoginTest - **** Starting TC_002_LoginTest  ****
14:44:41.087 [main] INFO  TestCases.TC_002_LoginTest - clicked on myaccount link on the home page..
14:44:42.053 [main] INFO  TestCases.TC_002_LoginTest - clicked on login link under myaccount..
14:44:42.056 [main] INFO  TestCases.TC_002_LoginTest - Entering valid email and password..
14:44:43.436 [main] INFO  TestCases.TC_002_LoginTest - clicked on ligin button..
14:44:43.528 [main] INFO  TestCases.TC_002_LoginTest - **** Finished TC_002_LoginTest  ****
14:46:45.767 [main] INFO  TestCases.TC_001_AccountRegistrationTest - *****Starting TC_00_AccountRegistrationTest *****
14:46:45.988 [main] INFO  TestCases.TC_001_AccountRegistrationTest - clicked on My Account Link
14:46:47.099 [main] INFO  TestCases.TC_001_AccountRegistrationTest - Clicked on registration link
14:46:47.099 [main] INFO  TestCases.TC_001_AccountRegistrationTest - Entering customer's Details
14:46:51.132 [main] INFO  TestCases.TC_001_AccountRegistrationTest - Clicked on Continue
14:46:51.196 [main] INFO  TestCases.TC_001_AccountRegistrationTest - Validating expected message
14:46:51.196 [main] INFO  TestCases.TC_001_AccountRegistrationTest - Test Pass
14:46:51.200 [main] INFO  TestCases.TC_001_AccountRegistrationTest - ******finished TC_00_AccountRegistrationTest *****
21:15:08.626 [main] INFO  TestCases.TC_001_AccountRegistrationTest - *****Starting TC_00_AccountRegistrationTest *****
21:15:08.946 [main] INFO  TestCases.TC_001_AccountRegistrationTest - clicked on My Account Link
21:15:10.652 [main] INFO  TestCases.TC_001_AccountRegistrationTest - Clicked on registration link
21:15:10.652 [main] INFO  TestCases.TC_001_AccountRegistrationTest - Entering customer's Details
21:15:14.842 [main] INFO  TestCases.TC_001_AccountRegistrationTest - Clicked on Continue
21:15:14.913 [main] INFO  TestCases.TC_001_AccountRegistrationTest - Validating expected message
21:15:14.917 [main] INFO  TestCases.TC_001_AccountRegistrationTest - Test Pass
21:15:14.921 [main] INFO  TestCases.TC_001_AccountRegistrationTest - ******finished TC_00_AccountRegistrationTest *****
21:15:20.394 [main] INFO  TestCases.TC_002_LoginTest - **** Starting TC_002_LoginTest  ****
21:15:20.599 [main] INFO  TestCases.TC_002_LoginTest - clicked on myaccount link on the home page..
21:15:21.528 [main] INFO  TestCases.TC_002_LoginTest - clicked on login link under myaccount..
21:15:21.540 [main] INFO  TestCases.TC_002_LoginTest - Entering valid email and password..
21:15:22.802 [main] INFO  TestCases.TC_002_LoginTest - clicked on ligin button..
21:15:22.878 [main] INFO  TestCases.TC_002_LoginTest - **** Finished TC_002_LoginTest  ****
22:01:00.776 [main] INFO  TestCases.TC_001_AccountRegistrationTest - *****Starting TC_00_AccountRegistrationTest *****
